
Showing logs for build [32mcb-kubecd-environment-pr-73-1-b-tr52t-1[0m stage [32mfrom-build-pack[0m and container [32mstep-credential-initializer-j5xbt[0m
{"level":"warn","ts":1574358580.7920914,"logger":"fallback-logger","caller":"logging/config.go:69","msg":"Fetch GitHub commit ID from kodata failed: \"ref: refs/heads/master\" is not a valid GitHub commit ID"}
{"level":"info","ts":1574358580.7930155,"logger":"fallback-logger","caller":"creds-init/main.go:40","msg":"Credentials initialized."}

Showing logs for build [32mcb-kubecd-environment-pr-73-1-b-tr52t-1[0m stage [32mfrom-build-pack[0m and container [32mstep-working-dir-initializer-rx4wt[0m
{"level":"warn","ts":1574358581.786623,"logger":"fallback-logger","caller":"logging/config.go:69","msg":"Fetch GitHub commit ID from kodata failed: open /var/run/ko/HEAD: no such file or directory"}
{"level":"info","ts":1574358581.788637,"logger":"fallback-logger","caller":"bash/main.go:65","msg":"Successfully executed command \"mkdir -p /workspace/source\""}

Showing logs for build [32mcb-kubecd-environment-pr-73-1-b-tr52t-1[0m stage [32mfrom-build-pack[0m and container [32mstep-place-tools[0m

Showing logs for build [32mcb-kubecd-environment-pr-73-1-b-tr52t-1[0m stage [32mfrom-build-pack[0m and container [32mstep-git-source-cb-kubecd-environment-pr-73-1-b-kz58t[0m
{"level":"warn","ts":1574358586.8558807,"logger":"fallback-logger","caller":"logging/config.go:69","msg":"Fetch GitHub commit ID from kodata failed: \"ref: refs/heads/master\" is not a valid GitHub commit ID"}
{"level":"info","ts":1574358587.8717246,"logger":"fallback-logger","caller":"git/git.go:102","msg":"Successfully cloned https://github.com/cb-kubecd/environment-pr-73-1-boot-gke-production.git @ master in path /workspace/source"}

Showing logs for build [32mcb-kubecd-environment-pr-73-1-b-tr52t-1[0m stage [32mfrom-build-pack[0m and container [32mstep-git-merge[0m
Using SHAs from PULL_REFS=master:3a3debf8cb439142e8da1ef341a145fbb92acac3,1:b13c71c25609834a6cde06a74fb85f6b08e71aac
DEBUG: ran git fetch --unshallow origin b13c71c25609834a6cde06a74fb85f6b08e71aac: 3a3debf8cb439142e8da1ef341a145fbb92acac3: in 
DEBUG: ran git checkout master in 
DEBUG: ran git reset --hard 3a3debf8cb439142e8da1ef341a145fbb92acac3 in 
DEBUG: ran clean --force -d . in 
DEBUG: ran git merge b13c71c25609834a6cde06a74fb85f6b08e71aac in 
Merged SHA b13c71c25609834a6cde06a74fb85f6b08e71aac with commit message 'chore: Promote bdd-spring-1574357738 to version 0.0.1' into base branch master

Showing logs for build [32mcb-kubecd-environment-pr-73-1-b-tr52t-1[0m stage [32mfrom-build-pack[0m and container [32mstep-build-helm-build[0m
WARNING: No $CHART_REPOSITORY defined so using the default value of: http://jenkins-x-chartmuseum:8080
Adding missing Helm repo: storage.googleapis.com https://storage.googleapis.com/chartmuseum.jenkins-x.io
Read credentials for https://storage.googleapis.com/chartmuseum.jenkins-x.io from vault helm/repos
Successfully added Helm repository storage.googleapis.com.
Adding missing Helm repo: jenkins-x-chartmuseum http://jenkins-x-chartmuseum:8080
Read credentials for http://jenkins-x-chartmuseum:8080 from vault helm/repos
Successfully added Helm repository jenkins-x-chartmuseum.
WARNING: No $CHART_REPOSITORY defined so using the default value of: http://jenkins-x-chartmuseum:8080
Adding missing Helm repo: chartmuseum.jenkins-x.io http://chartmuseum.jenkins-x.io
Read credentials for http://chartmuseum.jenkins-x.io from vault helm/repos
Successfully added Helm repository chartmuseum.jenkins-x.io.
